{"C:\\Users\\Magnus\\IdeaProjects\\nettavis\\server\\dao\\articledao.js": {"path":"C:\\Users\\Magnus\\IdeaProjects\\nettavis\\server\\dao\\articledao.js","statementMap":{"0":{"start":{"line":3,"column":12},"end":{"line":3,"column":31}},"1":{"start":{"line":5,"column":0},"end":{"line":83,"column":2}},"2":{"start":{"line":7,"column":8},"end":{"line":7,"column":225}},"3":{"start":{"line":11,"column":8},"end":{"line":11,"column":208}},"4":{"start":{"line":14,"column":8},"end":{"line":14,"column":228}},"5":{"start":{"line":18,"column":8},"end":{"line":18,"column":178}},"6":{"start":{"line":22,"column":8},"end":{"line":22,"column":178}},"7":{"start":{"line":26,"column":8},"end":{"line":26,"column":178}},"8":{"start":{"line":30,"column":8},"end":{"line":30,"column":67}},"9":{"start":{"line":34,"column":8},"end":{"line":38,"column":10}},"10":{"start":{"line":42,"column":8},"end":{"line":46,"column":10}},"11":{"start":{"line":50,"column":18},"end":{"line":50,"column":77}},"12":{"start":{"line":51,"column":8},"end":{"line":55,"column":10}},"13":{"start":{"line":59,"column":18},"end":{"line":59,"column":142}},"14":{"start":{"line":60,"column":8},"end":{"line":64,"column":10}},"15":{"start":{"line":68,"column":8},"end":{"line":72,"column":9}},"16":{"start":{"line":76,"column":18},"end":{"line":76,"column":155}},"17":{"start":{"line":77,"column":8},"end":{"line":81,"column":10}}},"fnMap":{"0":{"name":"(anonymous_0)","decl":{"start":{"line":6,"column":4},"end":{"line":6,"column":5}},"loc":{"start":{"line":6,"column":21},"end":{"line":8,"column":5}},"line":6},"1":{"name":"(anonymous_1)","decl":{"start":{"line":10,"column":4},"end":{"line":10,"column":5}},"loc":{"start":{"line":10,"column":25},"end":{"line":12,"column":5}},"line":10},"2":{"name":"(anonymous_2)","decl":{"start":{"line":13,"column":4},"end":{"line":13,"column":5}},"loc":{"start":{"line":13,"column":23},"end":{"line":15,"column":5}},"line":13},"3":{"name":"(anonymous_3)","decl":{"start":{"line":17,"column":4},"end":{"line":17,"column":5}},"loc":{"start":{"line":17,"column":23},"end":{"line":19,"column":5}},"line":17},"4":{"name":"(anonymous_4)","decl":{"start":{"line":21,"column":4},"end":{"line":21,"column":5}},"loc":{"start":{"line":21,"column":27},"end":{"line":23,"column":5}},"line":21},"5":{"name":"(anonymous_5)","decl":{"start":{"line":25,"column":4},"end":{"line":25,"column":5}},"loc":{"start":{"line":25,"column":24},"end":{"line":27,"column":5}},"line":25},"6":{"name":"(anonymous_6)","decl":{"start":{"line":29,"column":4},"end":{"line":29,"column":5}},"loc":{"start":{"line":29,"column":28},"end":{"line":31,"column":5}},"line":29},"7":{"name":"(anonymous_7)","decl":{"start":{"line":33,"column":4},"end":{"line":33,"column":5}},"loc":{"start":{"line":33,"column":25},"end":{"line":39,"column":5}},"line":33},"8":{"name":"(anonymous_8)","decl":{"start":{"line":41,"column":4},"end":{"line":41,"column":5}},"loc":{"start":{"line":41,"column":42},"end":{"line":47,"column":5}},"line":41},"9":{"name":"(anonymous_9)","decl":{"start":{"line":49,"column":4},"end":{"line":49,"column":5}},"loc":{"start":{"line":49,"column":37},"end":{"line":56,"column":5}},"line":49},"10":{"name":"(anonymous_10)","decl":{"start":{"line":58,"column":4},"end":{"line":58,"column":5}},"loc":{"start":{"line":58,"column":34},"end":{"line":65,"column":5}},"line":58},"11":{"name":"(anonymous_11)","decl":{"start":{"line":67,"column":4},"end":{"line":67,"column":5}},"loc":{"start":{"line":67,"column":28},"end":{"line":73,"column":5}},"line":67},"12":{"name":"(anonymous_12)","decl":{"start":{"line":75,"column":4},"end":{"line":75,"column":5}},"loc":{"start":{"line":75,"column":34},"end":{"line":82,"column":5}},"line":75}},"branchMap":{},"s":{"0":1,"1":1,"2":0,"3":0,"4":0,"5":0,"6":0,"7":0,"8":0,"9":1,"10":0,"11":0,"12":0,"13":0,"14":0,"15":0,"16":0,"17":0},"f":{"0":0,"1":0,"2":0,"3":0,"4":0,"5":0,"6":0,"7":1,"8":0,"9":0,"10":0,"11":0,"12":0},"b":{},"_coverageSchema":"43e27e138ebf9cfc5966b082cf9a028302ed4184","hash":"c1b848b8a21f1b618575a8b4fdcbe1266d43359c"}
,"C:\\Users\\Magnus\\IdeaProjects\\nettavis\\server\\dao\\dao.js": {"path":"C:\\Users\\Magnus\\IdeaProjects\\nettavis\\server\\dao\\dao.js","statementMap":{"0":{"start":{"line":1,"column":0},"end":{"line":28,"column":2}},"1":{"start":{"line":4,"column":8},"end":{"line":4,"column":25}},"2":{"start":{"line":8,"column":8},"end":{"line":26,"column":11}},"3":{"start":{"line":9,"column":12},"end":{"line":9,"column":54}},"4":{"start":{"line":10,"column":12},"end":{"line":25,"column":13}},"5":{"start":{"line":11,"column":16},"end":{"line":11,"column":53}},"6":{"start":{"line":12,"column":16},"end":{"line":12,"column":68}},"7":{"start":{"line":14,"column":16},"end":{"line":14,"column":56}},"8":{"start":{"line":15,"column":16},"end":{"line":24,"column":19}},"9":{"start":{"line":16,"column":20},"end":{"line":16,"column":41}},"10":{"start":{"line":17,"column":20},"end":{"line":23,"column":21}},"11":{"start":{"line":18,"column":24},"end":{"line":18,"column":41}},"12":{"start":{"line":19,"column":24},"end":{"line":19,"column":67}},"13":{"start":{"line":21,"column":24},"end":{"line":21,"column":59}},"14":{"start":{"line":22,"column":24},"end":{"line":22,"column":44}}},"fnMap":{"0":{"name":"(anonymous_0)","decl":{"start":{"line":2,"column":4},"end":{"line":2,"column":5}},"loc":{"start":{"line":2,"column":22},"end":{"line":5,"column":5}},"line":2},"1":{"name":"(anonymous_1)","decl":{"start":{"line":7,"column":4},"end":{"line":7,"column":5}},"loc":{"start":{"line":7,"column":33},"end":{"line":27,"column":5}},"line":7},"2":{"name":"(anonymous_2)","decl":{"start":{"line":8,"column":32},"end":{"line":8,"column":33}},"loc":{"start":{"line":8,"column":53},"end":{"line":26,"column":9}},"line":8},"3":{"name":"(anonymous_3)","decl":{"start":{"line":15,"column":46},"end":{"line":15,"column":47}},"loc":{"start":{"line":15,"column":61},"end":{"line":24,"column":17}},"line":15}},"branchMap":{"0":{"loc":{"start":{"line":10,"column":12},"end":{"line":25,"column":13}},"type":"if","locations":[{"start":{"line":10,"column":12},"end":{"line":25,"column":13}},{"start":{"line":10,"column":12},"end":{"line":25,"column":13}}],"line":10},"1":{"loc":{"start":{"line":17,"column":20},"end":{"line":23,"column":21}},"type":"if","locations":[{"start":{"line":17,"column":20},"end":{"line":23,"column":21}},{"start":{"line":17,"column":20},"end":{"line":23,"column":21}}],"line":17}},"s":{"0":1,"1":1,"2":1,"3":1,"4":1,"5":1,"6":1,"7":0,"8":0,"9":0,"10":0,"11":0,"12":0,"13":0,"14":0},"f":{"0":1,"1":1,"2":1,"3":0},"b":{"0":[1,0],"1":[0,0]},"_coverageSchema":"43e27e138ebf9cfc5966b082cf9a028302ed4184","hash":"dfda5581ff3e59206a9ab95a9ce21034c81180a4"}
,"C:\\Users\\Magnus\\IdeaProjects\\nettavis\\server\\dao\\runsqlfile.js": {"path":"C:\\Users\\Magnus\\IdeaProjects\\nettavis\\server\\dao\\runsqlfile.js","statementMap":{"0":{"start":{"line":1,"column":12},"end":{"line":1,"column":28}},"1":{"start":{"line":2,"column":9},"end":{"line":2,"column":22}},"2":{"start":{"line":4,"column":0},"end":{"line":25,"column":2}},"3":{"start":{"line":5,"column":4},"end":{"line":5,"column":56}},"4":{"start":{"line":6,"column":14},"end":{"line":6,"column":47}},"5":{"start":{"line":7,"column":4},"end":{"line":24,"column":7}},"6":{"start":{"line":8,"column":8},"end":{"line":23,"column":9}},"7":{"start":{"line":9,"column":12},"end":{"line":9,"column":56}},"8":{"start":{"line":10,"column":12},"end":{"line":10,"column":19}},"9":{"start":{"line":12,"column":12},"end":{"line":12,"column":49}},"10":{"start":{"line":13,"column":12},"end":{"line":22,"column":15}},"11":{"start":{"line":14,"column":16},"end":{"line":14,"column":37}},"12":{"start":{"line":15,"column":16},"end":{"line":21,"column":17}},"13":{"start":{"line":16,"column":20},"end":{"line":16,"column":37}},"14":{"start":{"line":17,"column":20},"end":{"line":17,"column":27}},"15":{"start":{"line":19,"column":20},"end":{"line":19,"column":54}},"16":{"start":{"line":20,"column":20},"end":{"line":20,"column":27}}},"fnMap":{"0":{"name":"run","decl":{"start":{"line":4,"column":26},"end":{"line":4,"column":29}},"loc":{"start":{"line":4,"column":52},"end":{"line":25,"column":1}},"line":4},"1":{"name":"(anonymous_1)","decl":{"start":{"line":7,"column":23},"end":{"line":7,"column":24}},"loc":{"start":{"line":7,"column":44},"end":{"line":24,"column":5}},"line":7},"2":{"name":"(anonymous_2)","decl":{"start":{"line":13,"column":34},"end":{"line":13,"column":35}},"loc":{"start":{"line":13,"column":49},"end":{"line":22,"column":13}},"line":13}},"branchMap":{"0":{"loc":{"start":{"line":8,"column":8},"end":{"line":23,"column":9}},"type":"if","locations":[{"start":{"line":8,"column":8},"end":{"line":23,"column":9}},{"start":{"line":8,"column":8},"end":{"line":23,"column":9}}],"line":8},"1":{"loc":{"start":{"line":15,"column":16},"end":{"line":21,"column":17}},"type":"if","locations":[{"start":{"line":15,"column":16},"end":{"line":21,"column":17}},{"start":{"line":15,"column":16},"end":{"line":21,"column":17}}],"line":15}},"s":{"0":1,"1":1,"2":1,"3":2,"4":2,"5":2,"6":2,"7":2,"8":2,"9":0,"10":0,"11":0,"12":0,"13":0,"14":0,"15":0,"16":0},"f":{"0":2,"1":2,"2":0},"b":{"0":[2,0],"1":[0,0]},"_coverageSchema":"43e27e138ebf9cfc5966b082cf9a028302ed4184","hash":"81cdcfa830eec8a375d1e5319368c36c9d17bec0"}
}
